<?xml version="1.0" encoding="UTF-8"?>
<!-- Generated by org.testng.reporters.JUnitReportReporter -->
<testsuite skipped="0" hostname="LAPTOP-64PRVEFL" name="com.qa.dontknow.test.UsingDataFromExcelTest" tests="5" failures="0" timestamp="31 Dec 2020 12:53:48 GMT" time="13.387" errors="0">
  <testcase name="loginWithData" time="2.771" classname="com.qa.dontknow.test.UsingDataFromExcelTest"/>
  <testcase name="loginWithData" time="2.798" classname="com.qa.dontknow.test.UsingDataFromExcelTest"/>
  <testcase name="loginWithData" time="2.625" classname="com.qa.dontknow.test.UsingDataFromExcelTest"/>
  <testcase name="loginWithData" time="2.585" classname="com.qa.dontknow.test.UsingDataFromExcelTest"/>
  <testcase name="loginWithData" time="2.608" classname="com.qa.dontknow.test.UsingDataFromExcelTest"/>
</testsuite> <!-- com.qa.dontknow.test.UsingDataFromExcelTest -->
