<?xml version="1.0" encoding="UTF-8"?>
<!-- Generated by org.testng.reporters.JUnitReportReporter -->
<testsuite skipped="0" hostname="LAPTOP-64PRVEFL" name="com.qa.dontknow.test.UsingDataFromExcelTest" tests="10" failures="0" timestamp="01 Jan 2021 18:52:38 GMT" time="31.285" errors="0">
  <testcase name="loginWithData" time="2.858" classname="com.qa.dontknow.test.UsingDataFromExcelTest"/>
  <testcase name="loginWithData" time="3.992" classname="com.qa.dontknow.test.UsingDataFromExcelTest"/>
  <testcase name="loginWithData" time="2.791" classname="com.qa.dontknow.test.UsingDataFromExcelTest"/>
  <testcase name="loginWithData" time="2.679" classname="com.qa.dontknow.test.UsingDataFromExcelTest"/>
  <testcase name="loginWithData" time="2.965" classname="com.qa.dontknow.test.UsingDataFromExcelTest"/>
  <testcase name="loginWithData" time="3.134" classname="com.qa.dontknow.test.UsingDataFromExcelTest"/>
  <testcase name="loginWithData" time="3.288" classname="com.qa.dontknow.test.UsingDataFromExcelTest"/>
  <testcase name="loginWithData" time="4.053" classname="com.qa.dontknow.test.UsingDataFromExcelTest"/>
  <testcase name="loginWithData" time="2.781" classname="com.qa.dontknow.test.UsingDataFromExcelTest"/>
  <testcase name="loginWithData" time="2.744" classname="com.qa.dontknow.test.UsingDataFromExcelTest"/>
</testsuite> <!-- com.qa.dontknow.test.UsingDataFromExcelTest -->
