<?xml version="1.0" encoding="UTF-8"?>
<!-- Generated by org.testng.reporters.JUnitReportReporter -->
<testsuite skipped="0" hostname="LAPTOP-64PRVEFL" name="com.qa.dontknow.test.UsingDataFromExcelTest" tests="5" failures="0" timestamp="28 Dec 2020 14:58:54 GMT" time="13.846" errors="0">
  <testcase name="loginWithData" time="2.922" classname="com.qa.dontknow.test.UsingDataFromExcelTest"/>
  <testcase name="loginWithData" time="2.682" classname="com.qa.dontknow.test.UsingDataFromExcelTest"/>
  <testcase name="loginWithData" time="2.766" classname="com.qa.dontknow.test.UsingDataFromExcelTest"/>
  <testcase name="loginWithData" time="2.786" classname="com.qa.dontknow.test.UsingDataFromExcelTest"/>
  <testcase name="loginWithData" time="2.690" classname="com.qa.dontknow.test.UsingDataFromExcelTest"/>
</testsuite> <!-- com.qa.dontknow.test.UsingDataFromExcelTest -->
