<?xml version="1.0" encoding="UTF-8"?>
<!-- Generated by org.testng.reporters.JUnitReportReporter -->
<testsuite skipped="0" hostname="LAPTOP-64PRVEFL" name="com.qa.dontknow.test.UsingDataFromExcelTest" tests="10" failures="0" timestamp="03 Jan 2021 11:06:11 GMT" time="31.717" errors="0">
  <testcase name="loginWithData" time="2.794" classname="com.qa.dontknow.test.UsingDataFromExcelTest"/>
  <testcase name="loginWithData" time="2.689" classname="com.qa.dontknow.test.UsingDataFromExcelTest"/>
  <testcase name="loginWithData" time="2.812" classname="com.qa.dontknow.test.UsingDataFromExcelTest"/>
  <testcase name="loginWithData" time="4.402" classname="com.qa.dontknow.test.UsingDataFromExcelTest"/>
  <testcase name="loginWithData" time="4.200" classname="com.qa.dontknow.test.UsingDataFromExcelTest"/>
  <testcase name="loginWithData" time="3.723" classname="com.qa.dontknow.test.UsingDataFromExcelTest"/>
  <testcase name="loginWithData" time="2.722" classname="com.qa.dontknow.test.UsingDataFromExcelTest"/>
  <testcase name="loginWithData" time="2.942" classname="com.qa.dontknow.test.UsingDataFromExcelTest"/>
  <testcase name="loginWithData" time="2.638" classname="com.qa.dontknow.test.UsingDataFromExcelTest"/>
  <testcase name="loginWithData" time="2.795" classname="com.qa.dontknow.test.UsingDataFromExcelTest"/>
</testsuite> <!-- com.qa.dontknow.test.UsingDataFromExcelTest -->
